<?xml version="1.0" encoding="UTF-8"?>
<testsuite xmlns:xsi="http://www.w3.org/2001/XMLSchema-instance" xsi:noNamespaceSchemaLocation="https://maven.apache.org/surefire/maven-surefire-plugin/xsd/surefire-test-report.xsd" name="com.bluestone.web.TestWelcome" time="3.606" tests="1" errors="0" skipped="0" failures="0">
  <properties>
    <property name="sun.desktop" value="windows"/>
    <property name="awt.toolkit" value="sun.awt.windows.WToolkit"/>
    <property name="file.encoding.pkg" value="sun.io"/>
    <property name="java.specification.version" value="1.8"/>
    <property name="sun.cpu.isalist" value="amd64"/>
    <property name="sun.jnu.encoding" value="Cp1252"/>
    <property name="java.class.path" value="C:\Users\maliyu\Documents\JavaMavenDocker\JavaMavenDockerWeb\java-web-project\target\test-classes;C:\Users\maliyu\Documents\JavaMavenDocker\JavaMavenDockerWeb\java-web-project\target\classes;C:\Users\maliyu\.m2\repository\org\springframework\spring-webmvc\5.1.0.RELEASE\spring-webmvc-5.1.0.RELEASE.jar;C:\Users\maliyu\.m2\repository\org\springframework\spring-aop\5.1.0.RELEASE\spring-aop-5.1.0.RELEASE.jar;C:\Users\maliyu\.m2\repository\org\springframework\spring-beans\5.1.0.RELEASE\spring-beans-5.1.0.RELEASE.jar;C:\Users\maliyu\.m2\repository\org\springframework\spring-context\5.1.0.RELEASE\spring-context-5.1.0.RELEASE.jar;C:\Users\maliyu\.m2\repository\org\springframework\spring-core\5.1.0.RELEASE\spring-core-5.1.0.RELEASE.jar;C:\Users\maliyu\.m2\repository\org\springframework\spring-jcl\5.1.0.RELEASE\spring-jcl-5.1.0.RELEASE.jar;C:\Users\maliyu\.m2\repository\org\springframework\spring-expression\5.1.0.RELEASE\spring-expression-5.1.0.RELEASE.jar;C:\Users\maliyu\.m2\repository\org\springframework\spring-web\5.1.0.RELEASE\spring-web-5.1.0.RELEASE.jar;C:\Users\maliyu\.m2\repository\org\springframework\spring-test\5.1.0.RELEASE\spring-test-5.1.0.RELEASE.jar;C:\Users\maliyu\.m2\repository\ch\qos\logback\logback-classic\1.2.3\logback-classic-1.2.3.jar;C:\Users\maliyu\.m2\repository\ch\qos\logback\logback-core\1.2.3\logback-core-1.2.3.jar;C:\Users\maliyu\.m2\repository\org\slf4j\slf4j-api\1.7.25\slf4j-api-1.7.25.jar;C:\Users\maliyu\.m2\repository\org\junit\jupiter\junit-jupiter-engine\5.3.1\junit-jupiter-engine-5.3.1.jar;C:\Users\maliyu\.m2\repository\org\apiguardian\apiguardian-api\1.0.0\apiguardian-api-1.0.0.jar;C:\Users\maliyu\.m2\repository\org\junit\platform\junit-platform-engine\1.3.1\junit-platform-engine-1.3.1.jar;C:\Users\maliyu\.m2\repository\org\junit\platform\junit-platform-commons\1.3.1\junit-platform-commons-1.3.1.jar;C:\Users\maliyu\.m2\repository\org\opentest4j\opentest4j\1.1.1\opentest4j-1.1.1.jar;C:\Users\maliyu\.m2\repository\org\junit\jupiter\junit-jupiter-api\5.3.1\junit-jupiter-api-5.3.1.jar;C:\Users\maliyu\.m2\repository\org\hamcrest\hamcrest-library\1.3\hamcrest-library-1.3.jar;C:\Users\maliyu\.m2\repository\org\hamcrest\hamcrest-core\1.3\hamcrest-core-1.3.jar;C:\Users\maliyu\.m2\repository\javax\servlet\javax.servlet-api\3.1.0\javax.servlet-api-3.1.0.jar;C:\Users\maliyu\.m2\repository\javax\servlet\jstl\1.2\jstl-1.2.jar;C:\Users\maliyu\.m2\repository\org\springframework\boot\spring-boot\2.1.9.RELEASE\spring-boot-2.1.9.RELEASE.jar;"/>
    <property name="java.vm.vendor" value="Oracle Corporation"/>
    <property name="sun.arch.data.model" value="64"/>
    <property name="user.variant" value=""/>
    <property name="java.vendor.url" value="http://java.oracle.com/"/>
    <property name="user.timezone" value="America/New_York"/>
    <property name="java.vm.specification.version" value="1.8"/>
    <property name="os.name" value="Windows 10"/>
    <property name="user.country" value="US"/>
    <property name="sun.java.launcher" value="SUN_STANDARD"/>
    <property name="sun.boot.library.path" value="C:\Program Files\Java\jdk1.8.0_241\jre\bin"/>
    <property name="sun.java.command" value="C:\Users\maliyu\AppData\Local\Temp\surefire8869958925200652195\surefirebooter4060673016277752726.jar C:\Users\maliyu\AppData\Local\Temp\surefire8869958925200652195 2021-08-17T03-09-01_938-jvmRun1 surefire4024367731450246733tmp surefire_01595993018118363575tmp"/>
    <property name="surefire.test.class.path" value="C:\Users\maliyu\Documents\JavaMavenDocker\JavaMavenDockerWeb\java-web-project\target\test-classes;C:\Users\maliyu\Documents\JavaMavenDocker\JavaMavenDockerWeb\java-web-project\target\classes;C:\Users\maliyu\.m2\repository\org\springframework\spring-webmvc\5.1.0.RELEASE\spring-webmvc-5.1.0.RELEASE.jar;C:\Users\maliyu\.m2\repository\org\springframework\spring-aop\5.1.0.RELEASE\spring-aop-5.1.0.RELEASE.jar;C:\Users\maliyu\.m2\repository\org\springframework\spring-beans\5.1.0.RELEASE\spring-beans-5.1.0.RELEASE.jar;C:\Users\maliyu\.m2\repository\org\springframework\spring-context\5.1.0.RELEASE\spring-context-5.1.0.RELEASE.jar;C:\Users\maliyu\.m2\repository\org\springframework\spring-core\5.1.0.RELEASE\spring-core-5.1.0.RELEASE.jar;C:\Users\maliyu\.m2\repository\org\springframework\spring-jcl\5.1.0.RELEASE\spring-jcl-5.1.0.RELEASE.jar;C:\Users\maliyu\.m2\repository\org\springframework\spring-expression\5.1.0.RELEASE\spring-expression-5.1.0.RELEASE.jar;C:\Users\maliyu\.m2\repository\org\springframework\spring-web\5.1.0.RELEASE\spring-web-5.1.0.RELEASE.jar;C:\Users\maliyu\.m2\repository\org\springframework\spring-test\5.1.0.RELEASE\spring-test-5.1.0.RELEASE.jar;C:\Users\maliyu\.m2\repository\ch\qos\logback\logback-classic\1.2.3\logback-classic-1.2.3.jar;C:\Users\maliyu\.m2\repository\ch\qos\logback\logback-core\1.2.3\logback-core-1.2.3.jar;C:\Users\maliyu\.m2\repository\org\slf4j\slf4j-api\1.7.25\slf4j-api-1.7.25.jar;C:\Users\maliyu\.m2\repository\org\junit\jupiter\junit-jupiter-engine\5.3.1\junit-jupiter-engine-5.3.1.jar;C:\Users\maliyu\.m2\repository\org\apiguardian\apiguardian-api\1.0.0\apiguardian-api-1.0.0.jar;C:\Users\maliyu\.m2\repository\org\junit\platform\junit-platform-engine\1.3.1\junit-platform-engine-1.3.1.jar;C:\Users\maliyu\.m2\repository\org\junit\platform\junit-platform-commons\1.3.1\junit-platform-commons-1.3.1.jar;C:\Users\maliyu\.m2\repository\org\opentest4j\opentest4j\1.1.1\opentest4j-1.1.1.jar;C:\Users\maliyu\.m2\repository\org\junit\jupiter\junit-jupiter-api\5.3.1\junit-jupiter-api-5.3.1.jar;C:\Users\maliyu\.m2\repository\org\hamcrest\hamcrest-library\1.3\hamcrest-library-1.3.jar;C:\Users\maliyu\.m2\repository\org\hamcrest\hamcrest-core\1.3\hamcrest-core-1.3.jar;C:\Users\maliyu\.m2\repository\javax\servlet\javax.servlet-api\3.1.0\javax.servlet-api-3.1.0.jar;C:\Users\maliyu\.m2\repository\javax\servlet\jstl\1.2\jstl-1.2.jar;C:\Users\maliyu\.m2\repository\org\springframework\boot\spring-boot\2.1.9.RELEASE\spring-boot-2.1.9.RELEASE.jar;"/>
    <property name="sun.cpu.endian" value="little"/>
    <property name="user.home" value="C:\Users\maliyu"/>
    <property name="user.language" value="en"/>
    <property name="java.specification.vendor" value="Oracle Corporation"/>
    <property name="java.home" value="C:\Program Files\Java\jdk1.8.0_241\jre"/>
    <property name="basedir" value="C:\Users\maliyu\Documents\JavaMavenDocker\JavaMavenDockerWeb\java-web-project"/>
    <property name="file.separator" value="\"/>
    <property name="line.separator" value="&#10;"/>
    <property name="java.vm.specification.vendor" value="Oracle Corporation"/>
    <property name="java.specification.name" value="Java Platform API Specification"/>
    <property name="java.awt.graphicsenv" value="sun.awt.Win32GraphicsEnvironment"/>
    <property name="surefire.real.class.path" value="C:\Users\maliyu\AppData\Local\Temp\surefire8869958925200652195\surefirebooter4060673016277752726.jar"/>
    <property name="sun.boot.class.path" value="C:\Program Files\Java\jdk1.8.0_241\jre\lib\resources.jar;C:\Program Files\Java\jdk1.8.0_241\jre\lib\rt.jar;C:\Program Files\Java\jdk1.8.0_241\jre\lib\sunrsasign.jar;C:\Program Files\Java\jdk1.8.0_241\jre\lib\jsse.jar;C:\Program Files\Java\jdk1.8.0_241\jre\lib\jce.jar;C:\Program Files\Java\jdk1.8.0_241\jre\lib\charsets.jar;C:\Program Files\Java\jdk1.8.0_241\jre\lib\jfr.jar;C:\Program Files\Java\jdk1.8.0_241\jre\classes"/>
    <property name="user.script" value=""/>
    <property name="sun.management.compiler" value="HotSpot 64-Bit Tiered Compilers"/>
    <property name="java.runtime.version" value="1.8.0_241-b07"/>
    <property name="user.name" value="maliyu"/>
    <property name="path.separator" value=";"/>
    <property name="os.version" value="10.0"/>
    <property name="java.endorsed.dirs" value="C:\Program Files\Java\jdk1.8.0_241\jre\lib\endorsed"/>
    <property name="java.runtime.name" value="Java(TM) SE Runtime Environment"/>
    <property name="file.encoding" value="Cp1252"/>
    <property name="java.vm.name" value="Java HotSpot(TM) 64-Bit Server VM"/>
    <property name="localRepository" value="C:\Users\maliyu\.m2\repository"/>
    <property name="java.vendor.url.bug" value="http://bugreport.sun.com/bugreport/"/>
    <property name="java.io.tmpdir" value="C:\Users\maliyu\AppData\Local\Temp\"/>
    <property name="java.version" value="1.8.0_241"/>
    <property name="user.dir" value="C:\Users\maliyu\Documents\JavaMavenDocker\JavaMavenDockerWeb\java-web-project"/>
    <property name="os.arch" value="amd64"/>
    <property name="java.vm.specification.name" value="Java Virtual Machine Specification"/>
    <property name="java.awt.printerjob" value="sun.awt.windows.WPrinterJob"/>
    <property name="sun.os.patch.level" value=""/>
    <property name="java.library.path" value="C:\Program Files\Java\jdk1.8.0_241\jre\bin;C:\WINDOWS\Sun\Java\bin;C:\WINDOWS\system32;C:\WINDOWS;C:\Program Files (x86)\Common Files\Oracle\Java\javapath;C:\Python27\;C:\Python27\Scripts;C:\Program Files\Microsoft MPI\Bin\;C:\ProgramData\Oracle\Java\javapath;C:\WINDOWS\system32;C:\WINDOWS;C:\WINDOWS\System32\Wbem;C:\WINDOWS\System32\WindowsPowerShell\v1.0\;C:\Apache24;C:\Apache24\bin;C:\Program Files\Java\jdk1.8.0_241\bin;C:\Development\android-sdk\platform-tools;C:\Development\android-sdk\tools;C:\Program Files\dotnet\;C:\Program Files\Microsoft SQL Server\130\Tools\Binn\;C:\Program Files\Microsoft SQL Server\Client SDK\ODBC\130\Tools\Binn\;C:\Program Files (x86)\Microsoft SQL Server\140\Tools\Binn\;C:\Program Files\Microsoft SQL Server\140\Tools\Binn\;C:\Program Files\Microsoft SQL Server\140\DTS\Binn\;C:\Program Files\MySQL\MySQL Utilities 1.6\;C:\xampp\php;C:\ProgramData\ComposerSetup\bin;C:\Program Files (x86)\Yarn\bin\;C:\Program Files\PuTTY\;C:\Strawberry\c\bin;C:\Strawberry\perl\site\bin;C:\Strawberry\perl\bin;C:\Program Files\Microsoft\Web Platform Installer\;C:\Program Files (x86)\Microsoft SQL Server\150\DTS\Binn\;C:\Program Files (x86)\Microsoft SQL Server\140\DTS\Binn\;C:\Program Files\Microsoft SQL Server\Client SDK\ODBC\170\Tools\Binn\;C:\Program Files\ChromeDriver\;C:\Program Files\Git\cmd;C:\Program Files\nodejs\;C:\ProgramData\chocolatey\bin;C:\WINDOWS\System32\OpenSSH\;C:\Program Files\Amazon\AWSCLIV2\;C:\Program Files\TortoiseSVN\bin;C:\Program Files (x86)\dotnet\;C:\Program Files\Docker\Docker\resources\bin;C:\ProgramData\DockerDesktop\version-bin;C:/Program Files/apache-maven-3.8.2\bin;C:\Users\maliyu\AppData\Local\Programs\Python\Python36-32\Scripts\;C:\Users\maliyu\AppData\Local\Programs\Python\Python36-32\;C:\Users\maliyu\AppData\Local\Microsoft\WindowsApps;C:\Users\maliyu\.dotnet\tools;C:\Users\maliyu\AppData\Roaming\Composer\vendor\bin;C:\Users\maliyu\AppData\Local\Yarn\bin;C:\MinGW\bin;C:\Program Files\Fiddler;C:\Program Files\JetBrains\IntelliJ IDEA Community Edition 2019.3.3\bin;;C:\Program Files\heroku\bin;C:\Users\maliyu\.dotnet\tools;C:\Users\maliyu\AppData\Roaming\npm;C:\Users\maliyu\AppData\Local\Programs\Microsoft VS Code\bin;C:\Users\maliyu\AppData\Local\Microsoft\WindowsApps;;."/>
    <property name="java.vm.info" value="mixed mode"/>
    <property name="java.vendor" value="Oracle Corporation"/>
    <property name="java.vm.version" value="25.241-b07"/>
    <property name="java.ext.dirs" value="C:\Program Files\Java\jdk1.8.0_241\jre\lib\ext;C:\WINDOWS\Sun\Java\lib\ext"/>
    <property name="sun.io.unicode.encoding" value="UnicodeLittle"/>
    <property name="java.class.version" value="52.0"/>
  </properties>
  <testcase name="testWelcome" classname="com.bluestone.web.TestWelcome" time="0.485"/>
</testsuite>